c:\ws\projects\dna\main\source\ripley\debug\ripleycore.pch
c:\ws\projects\dna\main\source\ripley\debug\ripleycore.pdb
c:\ws\projects\dna\main\source\ripley\debug\stdafx.obj
c:\ws\projects\dna\main\source\ripley\debug\categorylistbuilder.obj
c:\ws\projects\dna\main\source\ripley\debug\categorylist.obj
c:\ws\projects\dna\main\source\ripley\debug\categorybuilder.obj
c:\ws\projects\dna\main\source\ripley\debug\category.obj
c:\ws\projects\dna\main\source\ripley\debug\blobtransformer.obj
c:\ws\projects\dna\main\source\ripley\debug\blobbuilder.obj
c:\ws\projects\dna\main\source\ripley\debug\blob.obj
c:\ws\projects\dna\main\source\ripley\debug\basicsitelist.obj
c:\ws\projects\dna\main\source\ripley\debug\autocs.obj
c:\ws\projects\dna\main\source\ripley\debug\authorlist.obj
c:\ws\projects\dna\main\source\ripley\debug\assetuploadqueue.obj
c:\ws\projects\dna\main\source\ripley\debug\articlesubscriptionlist.obj
c:\ws\projects\dna\main\source\ripley\debug\articlesearchphrasebuilder.obj
c:\ws\projects\dna\main\source\ripley\debug\articlesearchphrase.obj
c:\ws\projects\dna\main\source\ripley\debug\articlepagebuilder.obj
c:\ws\projects\dna\main\source\ripley\debug\articlemember.obj
c:\ws\projects\dna\main\source\ripley\debug\articlelist.obj
c:\ws\projects\dna\main\source\ripley\debug\articleeditform.obj
c:\ws\projects\dna\main\source\ripley\debug\articlediagnosticbuilder.obj
c:\ws\projects\dna\main\source\ripley\debug\addthreadbuilder.obj
c:\ws\projects\dna\main\source\ripley\debug\dnaarray.obj
c:\ws\projects\dna\main\source\ripley\debug\dbxmlbuilder.obj
c:\ws\projects\dna\main\source\ripley\debug\dbosqlserver.obj
c:\ws\projects\dna\main\source\ripley\debug\dbomysql.obj
c:\ws\projects\dna\main\source\ripley\debug\dbo.obj
c:\ws\projects\dna\main\source\ripley\debug\daterangevalidation.obj
c:\ws\projects\dna\main\source\ripley\debug\currentclubsbuilder.obj
c:\ws\projects\dna\main\source\ripley\debug\currentclubs.obj
c:\ws\projects\dna\main\source\ripley\debug\contentsignifsettings.obj
c:\ws\projects\dna\main\source\ripley\debug\contentsignifbuilder.obj
c:\ws\projects\dna\main\source\ripley\debug\contentsignifadminbuilder.obj
c:\ws\projects\dna\main\source\ripley\debug\config.obj
c:\ws\projects\dna\main\source\ripley\debug\commentslist.obj
c:\ws\projects\dna\main\source\ripley\debug\comingupbuilder.obj
c:\ws\projects\dna\main\source\ripley\debug\clubpagebuilder.obj
c:\ws\projects\dna\main\source\ripley\debug\clubmember.obj
c:\ws\projects\dna\main\source\ripley\debug\clublistpagebuilder.obj
c:\ws\projects\dna\main\source\ripley\debug\clublist.obj
c:\ws\projects\dna\main\source\ripley\debug\club.obj
c:\ws\projects\dna\main\source\ripley\debug\cgi.obj
c:\ws\projects\dna\main\source\ripley\debug\emailvocab.obj
c:\ws\projects\dna\main\source\ripley\debug\emailtemplate.obj
c:\ws\projects\dna\main\source\ripley\debug\emailqueuegenerator.obj
c:\ws\projects\dna\main\source\ripley\debug\emaillinebreak.obj
c:\ws\projects\dna\main\source\ripley\debug\emailinserts.obj
c:\ws\projects\dna\main\source\ripley\debug\emailalertlist.obj
c:\ws\projects\dna\main\source\ripley\debug\emailalertgroupbuilder.obj
c:\ws\projects\dna\main\source\ripley\debug\emailalertgroup.obj
c:\ws\projects\dna\main\source\ripley\debug\emailalertbuilder.obj
c:\ws\projects\dna\main\source\ripley\debug\emailaddressfilter.obj
c:\ws\projects\dna\main\source\ripley\debug\editreviewforumform.obj
c:\ws\projects\dna\main\source\ripley\debug\editreviewforumbuilder.obj
c:\ws\projects\dna\main\source\ripley\debug\editrecentpostbuilder.obj
c:\ws\projects\dna\main\source\ripley\debug\editpostpagebuilder.obj
c:\ws\projects\dna\main\source\ripley\debug\editorspick.obj
c:\ws\projects\dna\main\source\ripley\debug\editcategorybuilder.obj
c:\ws\projects\dna\main\source\ripley\debug\editcategory.obj
c:\ws\projects\dna\main\source\ripley\debug\dynamiclists.obj
c:\ws\projects\dna\main\source\ripley\debug\dynamiclist.obj
c:\ws\projects\dna\main\source\ripley\debug\dnaurl.obj
c:\ws\projects\dna\main\source\ripley\debug\frontpagetopicelementbuilder.obj
c:\ws\projects\dna\main\source\ripley\debug\frontpagetopicelement.obj
c:\ws\projects\dna\main\source\ripley\debug\frontpagelayoutbuilder.obj
c:\ws\projects\dna\main\source\ripley\debug\frontpagelayout.obj
c:\ws\projects\dna\main\source\ripley\debug\frontpageelement.obj
c:\ws\projects\dna\main\source\ripley\debug\frontpageeditor.obj
c:\ws\projects\dna\main\source\ripley\debug\frontpagebuilder.obj
c:\ws\projects\dna\main\source\ripley\debug\friendsbuilder.obj
c:\ws\projects\dna\main\source\ripley\debug\forumschedule.obj
c:\ws\projects\dna\main\source\ripley\debug\forumposteditform.obj
c:\ws\projects\dna\main\source\ripley\debug\forumpagebuilder.obj
c:\ws\projects\dna\main\source\ripley\debug\forummoderationpagebuilder.obj
c:\ws\projects\dna\main\source\ripley\debug\forum.obj
c:\ws\projects\dna\main\source\ripley\debug\fixextrainfobuilder.obj
c:\ws\projects\dna\main\source\ripley\debug\fixdbbuilder.obj
c:\ws\projects\dna\main\source\ripley\debug\fastcategorylistbuilder.obj
c:\ws\projects\dna\main\source\ripley\debug\failmessagebuilder.obj
c:\ws\projects\dna\main\source\ripley\debug\failmessage.obj
c:\ws\projects\dna\main\source\ripley\debug\extrainfo.obj
c:\ws\projects\dna\main\source\ripley\debug\eventqueue.obj
c:\ws\projects\dna\main\source\ripley\debug\keyarticleeditbuilder.obj
c:\ws\projects\dna\main\source\ripley\debug\inspectuserbuilder.obj
c:\ws\projects\dna\main\source\ripley\debug\inputcontext.obj
c:\ws\projects\dna\main\source\ripley\debug\infobuilder.obj
c:\ws\projects\dna\main\source\ripley\debug\info.obj
c:\ws\projects\dna\main\source\ripley\debug\indexbuilder.obj
c:\ws\projects\dna\main\source\ripley\debug\index.obj
c:\ws\projects\dna\main\source\ripley\debug\imagemoderationbuilder.obj
c:\ws\projects\dna\main\source\ripley\debug\imagemoderation.obj
c:\ws\projects\dna\main\source\ripley\debug\imagelibrarybuilder.obj
c:\ws\projects\dna\main\source\ripley\debug\imagelibrary.obj
c:\ws\projects\dna\main\source\ripley\debug\idifdocbuilder.obj
c:\ws\projects\dna\main\source\ripley\debug\htmltransformer.obj
c:\ws\projects\dna\main\source\ripley\debug\hierarchytreebuilder.obj
c:\ws\projects\dna\main\source\ripley\debug\hierarchytree.obj
c:\ws\projects\dna\main\source\ripley\debug\hierarchynodetyperbuilder.obj
c:\ws\projects\dna\main\source\ripley\debug\guideentry.obj
c:\ws\projects\dna\main\source\ripley\debug\groups.obj
c:\ws\projects\dna\main\source\ripley\debug\groupmanagementbuilder.obj
c:\ws\projects\dna\main\source\ripley\debug\generalmoderationpagebuilder.obj
c:\ws\projects\dna\main\source\ripley\debug\messageboardtransfer.obj
c:\ws\projects\dna\main\source\ripley\debug\messageboardstatsbuilder.obj
c:\ws\projects\dna\main\source\ripley\debug\messageboardstats.obj
c:\ws\projects\dna\main\source\ripley\debug\messageboardschedulepagebuilder.obj
c:\ws\projects\dna\main\source\ripley\debug\messageboardpromobuilder.obj
c:\ws\projects\dna\main\source\ripley\debug\messageboardpromo.obj
c:\ws\projects\dna\main\source\ripley\debug\messageboardadminbuilder.obj
c:\ws\projects\dna\main\source\ripley\debug\messageboardadmin.obj
c:\ws\projects\dna\main\source\ripley\debug\membershomepagebuilder.obj
c:\ws\projects\dna\main\source\ripley\debug\memberdetailspagebuilder.obj
c:\ws\projects\dna\main\source\ripley\debug\mediaassetsearchphrasebuilder.obj
c:\ws\projects\dna\main\source\ripley\debug\mediaassetsearchphrase.obj
c:\ws\projects\dna\main\source\ripley\debug\mediaassetmodcontroller.obj
c:\ws\projects\dna\main\source\ripley\debug\mediaassetbuilder.obj
c:\ws\projects\dna\main\source\ripley\debug\mediaasset.obj
c:\ws\projects\dna\main\source\ripley\debug\md5_new.obj
c:\ws\projects\dna\main\source\ripley\debug\managelinksbuilder.obj
c:\ws\projects\dna\main\source\ripley\debug\logoutbuilder.obj
c:\ws\projects\dna\main\source\ripley\debug\locations.obj
c:\ws\projects\dna\main\source\ripley\debug\link.obj
c:\ws\projects\dna\main\source\ripley\debug\modmanagefastmodbuilder.obj
c:\ws\projects\dna\main\source\ripley\debug\moderatormanagementbuilder.obj
c:\ws\projects\dna\main\source\ripley\debug\moderatorlistbuilder.obj
c:\ws\projects\dna\main\source\ripley\debug\moderatorinfo.obj
c:\ws\projects\dna\main\source\ripley\debug\moderationstatuspagebuilder.obj
c:\ws\projects\dna\main\source\ripley\debug\moderationhistorybuilder.obj
c:\ws\projects\dna\main\source\ripley\debug\moderationemailmanagementbuilder.obj
c:\ws\projects\dna\main\source\ripley\debug\moderationemail.obj
c:\ws\projects\dna\main\source\ripley\debug\moderationdistressmessages.obj
c:\ws\projects\dna\main\source\ripley\debug\moderationclasses.obj
c:\ws\projects\dna\main\source\ripley\debug\moderateposts.obj
c:\ws\projects\dna\main\source\ripley\debug\moderatenicknamesbuilder.obj
c:\ws\projects\dna\main\source\ripley\debug\moderatenicknames.obj
c:\ws\projects\dna\main\source\ripley\debug\moderatemediaassetsbuilder.obj
c:\ws\projects\dna\main\source\ripley\debug\moderatehomepagebuilder.obj
c:\ws\projects\dna\main\source\ripley\debug\moderatearticlepagebuilder.obj
c:\ws\projects\dna\main\source\ripley\debug\modcomplaintsstats.obj
c:\ws\projects\dna\main\source\ripley\debug\modbillingbuilder.obj
c:\ws\projects\dna\main\source\ripley\debug\modalertscheckerbuilder.obj
c:\ws\projects\dna\main\source\ripley\debug\messageboardtransferbuilder.obj
c:\ws\projects\dna\main\source\ripley\debug\noticeboardbuilder.obj
c:\ws\projects\dna\main\source\ripley\debug\notice.obj
c:\ws\projects\dna\main\source\ripley\debug\notfoundbuilder.obj
c:\ws\projects\dna\main\source\ripley\debug\nicknamemoderationpagebuilder.obj
c:\ws\projects\dna\main\source\ripley\debug\newuserspagebuilder.obj
c:\ws\projects\dna\main\source\ripley\debug\newuserdetailspagebuilder.obj
c:\ws\projects\dna\main\source\ripley\debug\newregisterbuilder.obj
c:\ws\projects\dna\main\source\ripley\debug\newemailbuilder.obj
c:\ws\projects\dna\main\source\ripley\debug\multistep.obj
c:\ws\projects\dna\main\source\ripley\debug\movethreadpagebuilder.obj
c:\ws\projects\dna\main\source\ripley\debug\movethreadform.obj
c:\ws\projects\dna\main\source\ripley\debug\morepostsbuilder.obj
c:\ws\projects\dna\main\source\ripley\debug\morepagesbuilder.obj
c:\ws\projects\dna\main\source\ripley\debug\morejournalbuilder.obj
c:\ws\projects\dna\main\source\ripley\debug\monthsummarypagebuilder.obj
c:\ws\projects\dna\main\source\ripley\debug\monthsummary.obj
c:\ws\projects\dna\main\source\ripley\debug\modtriggers.obj
c:\ws\projects\dna\main\source\ripley\debug\modstats.obj
c:\ws\projects\dna\main\source\ripley\debug\modreasons.obj
c:\ws\projects\dna\main\source\ripley\debug\modqueuestat.obj
c:\ws\projects\dna\main\source\ripley\debug\processrunner.obj
c:\ws\projects\dna\main\source\ripley\debug\processrecommendationpagebuilder.obj
c:\ws\projects\dna\main\source\ripley\debug\processrecommendationform.obj
c:\ws\projects\dna\main\source\ripley\debug\postlist.obj
c:\ws\projects\dna\main\source\ripley\debug\postjournalbuilder.obj
c:\ws\projects\dna\main\source\ripley\debug\postcoder.obj
c:\ws\projects\dna\main\source\ripley\debug\postcodeparser.obj
c:\ws\projects\dna\main\source\ripley\debug\postcodebuilder.obj
c:\ws\projects\dna\main\source\ripley\debug\polls.obj
c:\ws\projects\dna\main\source\ripley\debug\pollnoticeboard.obj
c:\ws\projects\dna\main\source\ripley\debug\pollicanclub.obj
c:\ws\projects\dna\main\source\ripley\debug\pollcontentrating.obj
c:\ws\projects\dna\main\source\ripley\debug\pollbuilder.obj
c:\ws\projects\dna\main\source\ripley\debug\poll.obj
c:\ws\projects\dna\main\source\ripley\debug\pipehandles.obj
c:\ws\projects\dna\main\source\ripley\debug\pageui.obj
c:\ws\projects\dna\main\source\ripley\debug\pagebody.obj
c:\ws\projects\dna\main\source\ripley\debug\outputcontext.obj
c:\ws\projects\dna\main\source\ripley\debug\noticeboardlistbuilder.obj
c:\ws\projects\dna\main\source\ripley\debug\noticeboardlist.obj
c:\ws\projects\dna\main\source\ripley\debug\reviewsubmissionforum.obj
c:\ws\projects\dna\main\source\ripley\debug\reviewforumbuilder.obj
c:\ws\projects\dna\main\source\ripley\debug\reviewforum.obj
c:\ws\projects\dna\main\source\ripley\debug\reservedarticlesbuilder.obj
c:\ws\projects\dna\main\source\ripley\debug\registerobject.obj
c:\ws\projects\dna\main\source\ripley\debug\registerbuilder.obj
c:\ws\projects\dna\main\source\ripley\debug\refereelist.obj
c:\ws\projects\dna\main\source\ripley\debug\recommendentrypagebuilder.obj
c:\ws\projects\dna\main\source\ripley\debug\recommendentryform.obj
c:\ws\projects\dna\main\source\ripley\debug\recentsearch.obj
c:\ws\projects\dna\main\source\ripley\debug\randomarticle.obj
c:\ws\projects\dna\main\source\ripley\debug\profileconnectionpool.obj
c:\ws\projects\dna\main\source\ripley\debug\profileconnection.obj
c:\ws\projects\dna\main\source\ripley\debug\profanitylist.obj
c:\ws\projects\dna\main\source\ripley\debug\profanitygrouplist.obj
c:\ws\projects\dna\main\source\ripley\debug\profanitygroup.obj
c:\ws\projects\dna\main\source\ripley\debug\profanityfilter.obj
c:\ws\projects\dna\main\source\ripley\debug\profanityadminpagebuilder.obj
c:\ws\projects\dna\main\source\ripley\debug\profanityadmin.obj
c:\ws\projects\dna\main\source\ripley\debug\profanity.obj
c:\ws\projects\dna\main\source\ripley\debug\sitelist.obj
c:\ws\projects\dna\main\source\ripley\debug\sitedata.obj
c:\ws\projects\dna\main\source\ripley\debug\siteconfigpreviewbuilder.obj
c:\ws\projects\dna\main\source\ripley\debug\siteconfigpreview.obj
c:\ws\projects\dna\main\source\ripley\debug\siteconfigbuilder.obj
c:\ws\projects\dna\main\source\ripley\debug\siteconfig.obj
c:\ws\projects\dna\main\source\ripley\debug\siteadminbuilder.obj
c:\ws\projects\dna\main\source\ripley\debug\site.obj
c:\ws\projects\dna\main\source\ripley\debug\simpleftp.obj
c:\ws\projects\dna\main\source\ripley\debug\signifcontent.obj
c:\ws\projects\dna\main\source\ripley\debug\signalbuilder.obj
c:\ws\projects\dna\main\source\ripley\debug\shareandenjoybuilder.obj
c:\ws\projects\dna\main\source\ripley\debug\searchbuilder.obj
c:\ws\projects\dna\main\source\ripley\debug\search.obj
c:\ws\projects\dna\main\source\ripley\debug\scoutrecommendationspagebuilder.obj
c:\ws\projects\dna\main\source\ripley\debug\scoutrecommendationsform.obj
c:\ws\projects\dna\main\source\ripley\debug\ripley_gettransformer.obj
c:\ws\projects\dna\main\source\ripley\debug\ripley_getbuilder.obj
c:\ws\projects\dna\main\source\ripley\debug\ripleystatistics.obj
c:\ws\projects\dna\main\source\ripley\debug\ripley.obj
c:\ws\projects\dna\main\source\ripley\debug\submitsubbedentryform.obj
c:\ws\projects\dna\main\source\ripley\debug\submitreviewforumbuilder.obj
c:\ws\projects\dna\main\source\ripley\debug\subeditorallocationpagebuilder.obj
c:\ws\projects\dna\main\source\ripley\debug\subbedarticlespagebuilder.obj
c:\ws\projects\dna\main\source\ripley\debug\subarticlestatusbuilder.obj
c:\ws\projects\dna\main\source\ripley\debug\suballocationform.obj
c:\ws\projects\dna\main\source\ripley\debug\storedprocedurebase.obj
c:\ws\projects\dna\main\source\ripley\debug\storedprocedure.obj
c:\ws\projects\dna\main\source\ripley\debug\statusbuilder.obj
c:\ws\projects\dna\main\source\ripley\debug\statsbuilder.obj
c:\ws\projects\dna\main\source\ripley\debug\ssobuilder.obj
c:\ws\projects\dna\main\source\ripley\debug\smileytranslator.obj
c:\ws\projects\dna\main\source\ripley\debug\smileylist.obj
c:\ws\projects\dna\main\source\ripley\debug\skinselector.obj
c:\ws\projects\dna\main\source\ripley\debug\skindetails.obj
c:\ws\projects\dna\main\source\ripley\debug\siteoptionsbuilder.obj
c:\ws\projects\dna\main\source\ripley\debug\siteoptions.obj
c:\ws\projects\dna\main\source\ripley\debug\siteoption.obj
c:\ws\projects\dna\main\source\ripley\debug\siteopenclosetime.obj
c:\ws\projects\dna\main\source\ripley\debug\siteopencloseschedule.obj
c:\ws\projects\dna\main\source\ripley\debug\timezonemanager.obj
c:\ws\projects\dna\main\source\ripley\debug\throughputtransformer.obj
c:\ws\projects\dna\main\source\ripley\debug\threadsearchphrasebuilder.obj
c:\ws\projects\dna\main\source\ripley\debug\threadsearchphrase.obj
c:\ws\projects\dna\main\source\ripley\debug\textboxelementbuilder.obj
c:\ws\projects\dna\main\source\ripley\debug\textboxelement.obj
c:\ws\projects\dna\main\source\ripley\debug\testxmlbuilder.obj
c:\ws\projects\dna\main\source\ripley\debug\testhtmltransformer.obj
c:\ws\projects\dna\main\source\ripley\debug\testarticlexml.obj
c:\ws\projects\dna\main\source\ripley\debug\teamlistpagebuilder.obj
c:\ws\projects\dna\main\source\ripley\debug\team.obj
c:\ws\projects\dna\main\source\ripley\debug\tdvstring.obj
c:\ws\projects\dna\main\source\ripley\debug\tdvdatetime.obj
c:\ws\projects\dna\main\source\ripley\debug\tdvassert.obj
c:\ws\projects\dna\main\source\ripley\debug\tagitembuilder.obj
c:\ws\projects\dna\main\source\ripley\debug\tagitem.obj
c:\ws\projects\dna\main\source\ripley\debug\systemmessagemailboxbuilder.obj
c:\ws\projects\dna\main\source\ripley\debug\systemmessagemailbox.obj
c:\ws\projects\dna\main\source\ripley\debug\subnotificationemail.obj
c:\ws\projects\dna\main\source\ripley\debug\submitsubbedentrypagebuilder.obj
c:\ws\projects\dna\main\source\ripley\debug\userlist.obj
c:\ws\projects\dna\main\source\ripley\debug\usergroups.obj
c:\ws\projects\dna\main\source\ripley\debug\usereditpagebuilder.obj
c:\ws\projects\dna\main\source\ripley\debug\usercomplaintpagebuilder.obj
c:\ws\projects\dna\main\source\ripley\debug\user.obj
c:\ws\projects\dna\main\source\ripley\debug\urlfilterlist.obj
c:\ws\projects\dna\main\source\ripley\debug\urlfilteradminbuilder.obj
c:\ws\projects\dna\main\source\ripley\debug\urlfilteradmin.obj
c:\ws\projects\dna\main\source\ripley\debug\urlfilter.obj
c:\ws\projects\dna\main\source\ripley\debug\uploadpagebuilder.obj
c:\ws\projects\dna\main\source\ripley\debug\uploadedobject.obj
c:\ws\projects\dna\main\source\ripley\debug\uploadedimage.obj
c:\ws\projects\dna\main\source\ripley\debug\upload.obj
c:\ws\projects\dna\main\source\ripley\debug\unauthorisedbuilder.obj
c:\ws\projects\dna\main\source\ripley\debug\typedarticlebuilder.obj
c:\ws\projects\dna\main\source\ripley\debug\transmissionbuilder.obj
c:\ws\projects\dna\main\source\ripley\debug\topicbuilder.obj
c:\ws\projects\dna\main\source\ripley\debug\topic.obj
c:\ws\projects\dna\main\source\ripley\debug\topfives.obj
c:\ws\projects\dna\main\source\ripley\debug\topfiveeditor.obj
c:\ws\projects\dna\main\source\ripley\debug\xmltransformer.obj
c:\ws\projects\dna\main\source\ripley\debug\xmlstringutils.obj
c:\ws\projects\dna\main\source\ripley\debug\xmlobject.obj
c:\ws\projects\dna\main\source\ripley\debug\xmlerror.obj
c:\ws\projects\dna\main\source\ripley\debug\xmldate.obj
c:\ws\projects\dna\main\source\ripley\debug\xmlcookie.obj
c:\ws\projects\dna\main\source\ripley\debug\xmlbuilder.obj
c:\ws\projects\dna\main\source\ripley\debug\whosonlineobject.obj
c:\ws\projects\dna\main\source\ripley\debug\whosonlinebuilder.obj
c:\ws\projects\dna\main\source\ripley\debug\wholepage.obj
c:\ws\projects\dna\main\source\ripley\debug\watchlist.obj
c:\ws\projects\dna\main\source\ripley\debug\votepagebuilder.obj
c:\ws\projects\dna\main\source\ripley\debug\vote.obj
c:\ws\projects\dna\main\source\ripley\debug\usertags.obj
c:\ws\projects\dna\main\source\ripley\debug\userstatuses.obj
c:\ws\projects\dna\main\source\ripley\debug\userstatisticspagebuilder.obj
c:\ws\projects\dna\main\source\ripley\debug\userstags.obj
c:\ws\projects\dna\main\source\ripley\debug\userprivacybuilder.obj
c:\ws\projects\dna\main\source\ripley\debug\userprivacy.obj
c:\ws\projects\dna\main\source\ripley\debug\userpagebuilder.obj
c:\ws\projects\dna\main\source\ripley\debug\xslt.obj
c:\ws\projects\dna\main\source\ripley\debug\xmltree.obj
c:\ws\projects\dna\main\source\ripley\debug\ripleycored.lib
c:\ws\projects\dna\main\source\ripley\debug\ripleyserver.obj
c:\ws\projects\dna\main\source\ripley\debug\dnaidentitywebserviceproxy.tli
c:\ws\projects\dna\main\source\ripley\debug\dnaidentitywebserviceproxy.tlh
c:\ws\projects\dna\main\source\ripley\debug\ripleyserver.res
c:\ws\projects\dna\main\source\ripley\debug\ripleyserver.exp
c:\ws\projects\dna\main\source\ripley\debug\ripleyserver.pdb
c:\ws\projects\dna\main\source\ripley\debug\ripleyserver.bsc
c:\ws\projects\dna\main\source\ripley\debug\ripleyserver.sbr
c:\ws\projects\dna\main\source\ripley\debug\ripleycore.tlog\cl.command.1.tlog
c:\ws\projects\dna\main\source\ripley\debug\ripleycore.tlog\cl.read.1.tlog
c:\ws\projects\dna\main\source\ripley\debug\ripleycore.tlog\cl.write.1.tlog
c:\ws\projects\dna\main\source\ripley\debug\ripleycore.tlog\lib-link.read.1.tlog
c:\ws\projects\dna\main\source\ripley\debug\ripleycore.tlog\lib-link.write.1.tlog
c:\ws\projects\dna\main\source\ripley\debug\ripleycore.tlog\lib.command.1.tlog
