c:\ws\projects\dna\main\source\ripley\release\ripleyserver.pdb
c:\ws\projects\dna\main\source\ripley\release\ripleyserver.obj
c:\ws\projects\dna\main\source\ripley\release\ripleyserver.dll
c:\ws\projects\dna\main\source\ripley\release\ripleyserver.res
c:\ws\projects\dna\main\source\ripley\release\ripleyserver.lib
c:\ws\projects\dna\main\source\ripley\release\ripleyserver.exp
c:\ws\projects\dna\main\source\ripley\release\custombuildoutput.txt
c:\ws\projects\dna\main\source\ripley\release\addthreadbuilder.obj
c:\ws\projects\dna\main\source\ripley\release\articlediagnosticbuilder.obj
c:\ws\projects\dna\main\source\ripley\release\articleeditform.obj
c:\ws\projects\dna\main\source\ripley\release\articlelist.obj
c:\ws\projects\dna\main\source\ripley\release\articlemember.obj
c:\ws\projects\dna\main\source\ripley\release\articlepagebuilder.obj
c:\ws\projects\dna\main\source\ripley\release\articlesearchphrase.obj
c:\ws\projects\dna\main\source\ripley\release\articlesearchphrasebuilder.obj
c:\ws\projects\dna\main\source\ripley\release\articlesubscriptionlist.obj
c:\ws\projects\dna\main\source\ripley\release\assetuploadqueue.obj
c:\ws\projects\dna\main\source\ripley\release\authorlist.obj
c:\ws\projects\dna\main\source\ripley\release\autocs.obj
c:\ws\projects\dna\main\source\ripley\release\basicsitelist.obj
c:\ws\projects\dna\main\source\ripley\release\blob.obj
c:\ws\projects\dna\main\source\ripley\release\blobbuilder.obj
c:\ws\projects\dna\main\source\ripley\release\blobtransformer.obj
c:\ws\projects\dna\main\source\ripley\release\category.obj
c:\ws\projects\dna\main\source\ripley\release\categorybuilder.obj
c:\ws\projects\dna\main\source\ripley\release\categorylist.obj
c:\ws\projects\dna\main\source\ripley\release\categorylistbuilder.obj
c:\ws\projects\dna\main\source\ripley\release\cgi.obj
c:\ws\projects\dna\main\source\ripley\release\club.obj
c:\ws\projects\dna\main\source\ripley\release\clublist.obj
c:\ws\projects\dna\main\source\ripley\release\clublistpagebuilder.obj
c:\ws\projects\dna\main\source\ripley\release\clubmember.obj
c:\ws\projects\dna\main\source\ripley\release\clubpagebuilder.obj
c:\ws\projects\dna\main\source\ripley\release\comingupbuilder.obj
c:\ws\projects\dna\main\source\ripley\release\commentslist.obj
c:\ws\projects\dna\main\source\ripley\release\config.obj
c:\ws\projects\dna\main\source\ripley\release\contentsignifadminbuilder.obj
c:\ws\projects\dna\main\source\ripley\release\contentsignifbuilder.obj
c:\ws\projects\dna\main\source\ripley\release\contentsignifsettings.obj
c:\ws\projects\dna\main\source\ripley\release\currentclubs.obj
c:\ws\projects\dna\main\source\ripley\release\currentclubsbuilder.obj
c:\ws\projects\dna\main\source\ripley\release\daterangevalidation.obj
c:\ws\projects\dna\main\source\ripley\release\dbo.obj
c:\ws\projects\dna\main\source\ripley\release\dbomysql.obj
c:\ws\projects\dna\main\source\ripley\release\dbosqlserver.obj
c:\ws\projects\dna\main\source\ripley\release\dbxmlbuilder.obj
c:\ws\projects\dna\main\source\ripley\release\dnaarray.obj
c:\ws\projects\dna\main\source\ripley\release\dnaurl.obj
c:\ws\projects\dna\main\source\ripley\release\dynamiclist.obj
c:\ws\projects\dna\main\source\ripley\release\dynamiclists.obj
c:\ws\projects\dna\main\source\ripley\release\editcategory.obj
c:\ws\projects\dna\main\source\ripley\release\editcategorybuilder.obj
c:\ws\projects\dna\main\source\ripley\release\editorspick.obj
c:\ws\projects\dna\main\source\ripley\release\editpostpagebuilder.obj
c:\ws\projects\dna\main\source\ripley\release\editrecentpostbuilder.obj
c:\ws\projects\dna\main\source\ripley\release\editreviewforumbuilder.obj
c:\ws\projects\dna\main\source\ripley\release\editreviewforumform.obj
c:\ws\projects\dna\main\source\ripley\release\emailaddressfilter.obj
c:\ws\projects\dna\main\source\ripley\release\emailalertbuilder.obj
c:\ws\projects\dna\main\source\ripley\release\emailalertgroup.obj
c:\ws\projects\dna\main\source\ripley\release\emailalertgroupbuilder.obj
c:\ws\projects\dna\main\source\ripley\release\emailalertlist.obj
c:\ws\projects\dna\main\source\ripley\release\emailinserts.obj
c:\ws\projects\dna\main\source\ripley\release\emaillinebreak.obj
c:\ws\projects\dna\main\source\ripley\release\emailqueuegenerator.obj
c:\ws\projects\dna\main\source\ripley\release\emailtemplate.obj
c:\ws\projects\dna\main\source\ripley\release\emailvocab.obj
c:\ws\projects\dna\main\source\ripley\release\eventqueue.obj
c:\ws\projects\dna\main\source\ripley\release\extrainfo.obj
c:\ws\projects\dna\main\source\ripley\release\failmessage.obj
c:\ws\projects\dna\main\source\ripley\release\failmessagebuilder.obj
c:\ws\projects\dna\main\source\ripley\release\fastcategorylistbuilder.obj
c:\ws\projects\dna\main\source\ripley\release\fixdbbuilder.obj
c:\ws\projects\dna\main\source\ripley\release\fixextrainfobuilder.obj
c:\ws\projects\dna\main\source\ripley\release\forum.obj
c:\ws\projects\dna\main\source\ripley\release\forummoderationpagebuilder.obj
c:\ws\projects\dna\main\source\ripley\release\forumpagebuilder.obj
c:\ws\projects\dna\main\source\ripley\release\forumposteditform.obj
c:\ws\projects\dna\main\source\ripley\release\forumschedule.obj
c:\ws\projects\dna\main\source\ripley\release\friendsbuilder.obj
c:\ws\projects\dna\main\source\ripley\release\frontpagebuilder.obj
c:\ws\projects\dna\main\source\ripley\release\frontpageeditor.obj
c:\ws\projects\dna\main\source\ripley\release\frontpageelement.obj
c:\ws\projects\dna\main\source\ripley\release\frontpagelayout.obj
c:\ws\projects\dna\main\source\ripley\release\frontpagelayoutbuilder.obj
c:\ws\projects\dna\main\source\ripley\release\frontpagetopicelement.obj
c:\ws\projects\dna\main\source\ripley\release\frontpagetopicelementbuilder.obj
c:\ws\projects\dna\main\source\ripley\release\generalmoderationpagebuilder.obj
c:\ws\projects\dna\main\source\ripley\release\groupmanagementbuilder.obj
c:\ws\projects\dna\main\source\ripley\release\groups.obj
c:\ws\projects\dna\main\source\ripley\release\guideentry.obj
c:\ws\projects\dna\main\source\ripley\release\hierarchynodetyperbuilder.obj
c:\ws\projects\dna\main\source\ripley\release\hierarchytree.obj
c:\ws\projects\dna\main\source\ripley\release\hierarchytreebuilder.obj
c:\ws\projects\dna\main\source\ripley\release\htmltransformer.obj
c:\ws\projects\dna\main\source\ripley\release\idifdocbuilder.obj
c:\ws\projects\dna\main\source\ripley\release\imagelibrary.obj
c:\ws\projects\dna\main\source\ripley\release\imagelibrarybuilder.obj
c:\ws\projects\dna\main\source\ripley\release\imagemoderation.obj
c:\ws\projects\dna\main\source\ripley\release\imagemoderationbuilder.obj
c:\ws\projects\dna\main\source\ripley\release\index.obj
c:\ws\projects\dna\main\source\ripley\release\indexbuilder.obj
c:\ws\projects\dna\main\source\ripley\release\info.obj
c:\ws\projects\dna\main\source\ripley\release\infobuilder.obj
c:\ws\projects\dna\main\source\ripley\release\inputcontext.obj
c:\ws\projects\dna\main\source\ripley\release\inspectuserbuilder.obj
c:\ws\projects\dna\main\source\ripley\release\keyarticleeditbuilder.obj
c:\ws\projects\dna\main\source\ripley\release\link.obj
c:\ws\projects\dna\main\source\ripley\release\locations.obj
c:\ws\projects\dna\main\source\ripley\release\logoutbuilder.obj
c:\ws\projects\dna\main\source\ripley\release\managelinksbuilder.obj
c:\ws\projects\dna\main\source\ripley\release\md5_new.obj
c:\ws\projects\dna\main\source\ripley\release\mediaasset.obj
c:\ws\projects\dna\main\source\ripley\release\mediaassetbuilder.obj
c:\ws\projects\dna\main\source\ripley\release\mediaassetmodcontroller.obj
c:\ws\projects\dna\main\source\ripley\release\mediaassetsearchphrase.obj
c:\ws\projects\dna\main\source\ripley\release\mediaassetsearchphrasebuilder.obj
c:\ws\projects\dna\main\source\ripley\release\memberdetailspagebuilder.obj
c:\ws\projects\dna\main\source\ripley\release\membershomepagebuilder.obj
c:\ws\projects\dna\main\source\ripley\release\messageboardadmin.obj
c:\ws\projects\dna\main\source\ripley\release\messageboardadminbuilder.obj
c:\ws\projects\dna\main\source\ripley\release\messageboardpromo.obj
c:\ws\projects\dna\main\source\ripley\release\messageboardpromobuilder.obj
c:\ws\projects\dna\main\source\ripley\release\messageboardschedulepagebuilder.obj
c:\ws\projects\dna\main\source\ripley\release\messageboardstats.obj
c:\ws\projects\dna\main\source\ripley\release\messageboardstatsbuilder.obj
c:\ws\projects\dna\main\source\ripley\release\messageboardtransfer.obj
c:\ws\projects\dna\main\source\ripley\release\messageboardtransferbuilder.obj
c:\ws\projects\dna\main\source\ripley\release\modalertscheckerbuilder.obj
c:\ws\projects\dna\main\source\ripley\release\modbillingbuilder.obj
c:\ws\projects\dna\main\source\ripley\release\modcomplaintsstats.obj
c:\ws\projects\dna\main\source\ripley\release\moderatearticlepagebuilder.obj
c:\ws\projects\dna\main\source\ripley\release\moderatehomepagebuilder.obj
c:\ws\projects\dna\main\source\ripley\release\moderatemediaassetsbuilder.obj
c:\ws\projects\dna\main\source\ripley\release\moderatenicknames.obj
c:\ws\projects\dna\main\source\ripley\release\moderatenicknamesbuilder.obj
c:\ws\projects\dna\main\source\ripley\release\moderateposts.obj
c:\ws\projects\dna\main\source\ripley\release\moderationclasses.obj
c:\ws\projects\dna\main\source\ripley\release\moderationdistressmessages.obj
c:\ws\projects\dna\main\source\ripley\release\moderationemail.obj
c:\ws\projects\dna\main\source\ripley\release\moderationemailmanagementbuilder.obj
c:\ws\projects\dna\main\source\ripley\release\moderationhistorybuilder.obj
c:\ws\projects\dna\main\source\ripley\release\moderationstatuspagebuilder.obj
c:\ws\projects\dna\main\source\ripley\release\moderatorinfo.obj
c:\ws\projects\dna\main\source\ripley\release\moderatorlistbuilder.obj
c:\ws\projects\dna\main\source\ripley\release\moderatormanagementbuilder.obj
c:\ws\projects\dna\main\source\ripley\release\modmanagefastmodbuilder.obj
c:\ws\projects\dna\main\source\ripley\release\modqueuestat.obj
c:\ws\projects\dna\main\source\ripley\release\modreasons.obj
c:\ws\projects\dna\main\source\ripley\release\modstats.obj
c:\ws\projects\dna\main\source\ripley\release\modtriggers.obj
c:\ws\projects\dna\main\source\ripley\release\monthsummary.obj
c:\ws\projects\dna\main\source\ripley\release\monthsummarypagebuilder.obj
c:\ws\projects\dna\main\source\ripley\release\morejournalbuilder.obj
c:\ws\projects\dna\main\source\ripley\release\morepagesbuilder.obj
c:\ws\projects\dna\main\source\ripley\release\morepostsbuilder.obj
c:\ws\projects\dna\main\source\ripley\release\movethreadform.obj
c:\ws\projects\dna\main\source\ripley\release\movethreadpagebuilder.obj
c:\ws\projects\dna\main\source\ripley\release\multistep.obj
c:\ws\projects\dna\main\source\ripley\release\newemailbuilder.obj
c:\ws\projects\dna\main\source\ripley\release\newregisterbuilder.obj
c:\ws\projects\dna\main\source\ripley\release\newuserdetailspagebuilder.obj
c:\ws\projects\dna\main\source\ripley\release\newuserspagebuilder.obj
c:\ws\projects\dna\main\source\ripley\release\nicknamemoderationpagebuilder.obj
c:\ws\projects\dna\main\source\ripley\release\notfoundbuilder.obj
c:\ws\projects\dna\main\source\ripley\release\notice.obj
c:\ws\projects\dna\main\source\ripley\release\noticeboardbuilder.obj
c:\ws\projects\dna\main\source\ripley\release\noticeboardlist.obj
c:\ws\projects\dna\main\source\ripley\release\noticeboardlistbuilder.obj
c:\ws\projects\dna\main\source\ripley\release\outputcontext.obj
c:\ws\projects\dna\main\source\ripley\release\pagebody.obj
c:\ws\projects\dna\main\source\ripley\release\pageui.obj
c:\ws\projects\dna\main\source\ripley\release\pipehandles.obj
c:\ws\projects\dna\main\source\ripley\release\poll.obj
c:\ws\projects\dna\main\source\ripley\release\pollbuilder.obj
c:\ws\projects\dna\main\source\ripley\release\pollcontentrating.obj
c:\ws\projects\dna\main\source\ripley\release\pollicanclub.obj
c:\ws\projects\dna\main\source\ripley\release\pollnoticeboard.obj
c:\ws\projects\dna\main\source\ripley\release\polls.obj
c:\ws\projects\dna\main\source\ripley\release\postcodebuilder.obj
c:\ws\projects\dna\main\source\ripley\release\postcodeparser.obj
c:\ws\projects\dna\main\source\ripley\release\postcoder.obj
c:\ws\projects\dna\main\source\ripley\release\postjournalbuilder.obj
c:\ws\projects\dna\main\source\ripley\release\postlist.obj
c:\ws\projects\dna\main\source\ripley\release\processrecommendationform.obj
c:\ws\projects\dna\main\source\ripley\release\processrecommendationpagebuilder.obj
c:\ws\projects\dna\main\source\ripley\release\processrunner.obj
c:\ws\projects\dna\main\source\ripley\release\profanity.obj
c:\ws\projects\dna\main\source\ripley\release\profanityadmin.obj
c:\ws\projects\dna\main\source\ripley\release\profanityadminpagebuilder.obj
c:\ws\projects\dna\main\source\ripley\release\profanityfilter.obj
c:\ws\projects\dna\main\source\ripley\release\profanitygroup.obj
c:\ws\projects\dna\main\source\ripley\release\profanitygrouplist.obj
c:\ws\projects\dna\main\source\ripley\release\profanitylist.obj
c:\ws\projects\dna\main\source\ripley\release\profileconnection.obj
c:\ws\projects\dna\main\source\ripley\release\profileconnectionpool.obj
c:\ws\projects\dna\main\source\ripley\release\randomarticle.obj
c:\ws\projects\dna\main\source\ripley\release\recentsearch.obj
c:\ws\projects\dna\main\source\ripley\release\recommendentryform.obj
c:\ws\projects\dna\main\source\ripley\release\recommendentrypagebuilder.obj
c:\ws\projects\dna\main\source\ripley\release\refereelist.obj
c:\ws\projects\dna\main\source\ripley\release\registerbuilder.obj
c:\ws\projects\dna\main\source\ripley\release\registerobject.obj
c:\ws\projects\dna\main\source\ripley\release\reservedarticlesbuilder.obj
c:\ws\projects\dna\main\source\ripley\release\reviewforum.obj
c:\ws\projects\dna\main\source\ripley\release\reviewforumbuilder.obj
c:\ws\projects\dna\main\source\ripley\release\reviewsubmissionforum.obj
c:\ws\projects\dna\main\source\ripley\release\ripley.obj
c:\ws\projects\dna\main\source\ripley\release\ripleystatistics.obj
c:\ws\projects\dna\main\source\ripley\release\ripley_getbuilder.obj
c:\ws\projects\dna\main\source\ripley\release\ripley_gettransformer.obj
c:\ws\projects\dna\main\source\ripley\release\scoutrecommendationsform.obj
c:\ws\projects\dna\main\source\ripley\release\scoutrecommendationspagebuilder.obj
c:\ws\projects\dna\main\source\ripley\release\search.obj
c:\ws\projects\dna\main\source\ripley\release\searchbuilder.obj
c:\ws\projects\dna\main\source\ripley\release\shareandenjoybuilder.obj
c:\ws\projects\dna\main\source\ripley\release\signalbuilder.obj
c:\ws\projects\dna\main\source\ripley\release\signifcontent.obj
c:\ws\projects\dna\main\source\ripley\release\simpleftp.obj
c:\ws\projects\dna\main\source\ripley\release\site.obj
c:\ws\projects\dna\main\source\ripley\release\siteadminbuilder.obj
c:\ws\projects\dna\main\source\ripley\release\siteconfig.obj
c:\ws\projects\dna\main\source\ripley\release\siteconfigbuilder.obj
c:\ws\projects\dna\main\source\ripley\release\siteconfigpreview.obj
c:\ws\projects\dna\main\source\ripley\release\siteconfigpreviewbuilder.obj
c:\ws\projects\dna\main\source\ripley\release\sitedata.obj
c:\ws\projects\dna\main\source\ripley\release\sitelist.obj
c:\ws\projects\dna\main\source\ripley\release\siteopencloseschedule.obj
c:\ws\projects\dna\main\source\ripley\release\siteopenclosetime.obj
c:\ws\projects\dna\main\source\ripley\release\siteoption.obj
c:\ws\projects\dna\main\source\ripley\release\siteoptions.obj
c:\ws\projects\dna\main\source\ripley\release\siteoptionsbuilder.obj
c:\ws\projects\dna\main\source\ripley\release\skindetails.obj
c:\ws\projects\dna\main\source\ripley\release\skinselector.obj
c:\ws\projects\dna\main\source\ripley\release\smileylist.obj
c:\ws\projects\dna\main\source\ripley\release\smileytranslator.obj
c:\ws\projects\dna\main\source\ripley\release\ssobuilder.obj
c:\ws\projects\dna\main\source\ripley\release\statsbuilder.obj
c:\ws\projects\dna\main\source\ripley\release\statusbuilder.obj
c:\ws\projects\dna\main\source\ripley\release\stdafx.obj
c:\ws\projects\dna\main\source\ripley\release\storedprocedure.obj
c:\ws\projects\dna\main\source\ripley\release\storedprocedurebase.obj
c:\ws\projects\dna\main\source\ripley\release\suballocationform.obj
c:\ws\projects\dna\main\source\ripley\release\subarticlestatusbuilder.obj
c:\ws\projects\dna\main\source\ripley\release\subbedarticlespagebuilder.obj
c:\ws\projects\dna\main\source\ripley\release\subeditorallocationpagebuilder.obj
c:\ws\projects\dna\main\source\ripley\release\submitreviewforumbuilder.obj
c:\ws\projects\dna\main\source\ripley\release\submitsubbedentryform.obj
c:\ws\projects\dna\main\source\ripley\release\submitsubbedentrypagebuilder.obj
c:\ws\projects\dna\main\source\ripley\release\subnotificationemail.obj
c:\ws\projects\dna\main\source\ripley\release\systemmessagemailbox.obj
c:\ws\projects\dna\main\source\ripley\release\systemmessagemailboxbuilder.obj
c:\ws\projects\dna\main\source\ripley\release\tagitem.obj
c:\ws\projects\dna\main\source\ripley\release\tagitembuilder.obj
c:\ws\projects\dna\main\source\ripley\release\tdvassert.obj
c:\ws\projects\dna\main\source\ripley\release\tdvdatetime.obj
c:\ws\projects\dna\main\source\ripley\release\tdvstring.obj
c:\ws\projects\dna\main\source\ripley\release\team.obj
c:\ws\projects\dna\main\source\ripley\release\teamlistpagebuilder.obj
c:\ws\projects\dna\main\source\ripley\release\testarticlexml.obj
c:\ws\projects\dna\main\source\ripley\release\testhtmltransformer.obj
c:\ws\projects\dna\main\source\ripley\release\testxmlbuilder.obj
c:\ws\projects\dna\main\source\ripley\release\textboxelement.obj
c:\ws\projects\dna\main\source\ripley\release\textboxelementbuilder.obj
c:\ws\projects\dna\main\source\ripley\release\threadsearchphrase.obj
c:\ws\projects\dna\main\source\ripley\release\threadsearchphrasebuilder.obj
c:\ws\projects\dna\main\source\ripley\release\throughputtransformer.obj
c:\ws\projects\dna\main\source\ripley\release\timezonemanager.obj
c:\ws\projects\dna\main\source\ripley\release\topfiveeditor.obj
c:\ws\projects\dna\main\source\ripley\release\topfives.obj
c:\ws\projects\dna\main\source\ripley\release\topic.obj
c:\ws\projects\dna\main\source\ripley\release\topicbuilder.obj
c:\ws\projects\dna\main\source\ripley\release\transmissionbuilder.obj
c:\ws\projects\dna\main\source\ripley\release\typedarticlebuilder.obj
c:\ws\projects\dna\main\source\ripley\release\unauthorisedbuilder.obj
c:\ws\projects\dna\main\source\ripley\release\upload.obj
c:\ws\projects\dna\main\source\ripley\release\uploadedimage.obj
c:\ws\projects\dna\main\source\ripley\release\uploadedobject.obj
c:\ws\projects\dna\main\source\ripley\release\uploadpagebuilder.obj
c:\ws\projects\dna\main\source\ripley\release\urlfilter.obj
c:\ws\projects\dna\main\source\ripley\release\urlfilteradmin.obj
c:\ws\projects\dna\main\source\ripley\release\urlfilteradminbuilder.obj
c:\ws\projects\dna\main\source\ripley\release\urlfilterlist.obj
c:\ws\projects\dna\main\source\ripley\release\user.obj
c:\ws\projects\dna\main\source\ripley\release\usercomplaintpagebuilder.obj
c:\ws\projects\dna\main\source\ripley\release\usereditpagebuilder.obj
c:\ws\projects\dna\main\source\ripley\release\usergroups.obj
c:\ws\projects\dna\main\source\ripley\release\userlist.obj
c:\ws\projects\dna\main\source\ripley\release\userpagebuilder.obj
c:\ws\projects\dna\main\source\ripley\release\userprivacy.obj
c:\ws\projects\dna\main\source\ripley\release\userprivacybuilder.obj
c:\ws\projects\dna\main\source\ripley\release\userstags.obj
c:\ws\projects\dna\main\source\ripley\release\userstatisticspagebuilder.obj
c:\ws\projects\dna\main\source\ripley\release\userstatuses.obj
c:\ws\projects\dna\main\source\ripley\release\usertags.obj
c:\ws\projects\dna\main\source\ripley\release\vote.obj
c:\ws\projects\dna\main\source\ripley\release\votepagebuilder.obj
c:\ws\projects\dna\main\source\ripley\release\watchlist.obj
c:\ws\projects\dna\main\source\ripley\release\wholepage.obj
c:\ws\projects\dna\main\source\ripley\release\whosonlinebuilder.obj
c:\ws\projects\dna\main\source\ripley\release\whosonlineobject.obj
c:\ws\projects\dna\main\source\ripley\release\xmlbuilder.obj
c:\ws\projects\dna\main\source\ripley\release\xmlcookie.obj
c:\ws\projects\dna\main\source\ripley\release\xmldate.obj
c:\ws\projects\dna\main\source\ripley\release\xmlerror.obj
c:\ws\projects\dna\main\source\ripley\release\xmlobject.obj
c:\ws\projects\dna\main\source\ripley\release\xmlstringutils.obj
c:\ws\projects\dna\main\source\ripley\release\xmltransformer.obj
c:\ws\projects\dna\main\source\ripley\release\xmltree.obj
c:\ws\projects\dna\main\source\ripley\release\xslt.obj
c:\ws\projects\dna\main\source\ripley\release\dnaidentitywebserviceproxy.tli
c:\ws\projects\dna\main\source\ripley\release\dnaidentitywebserviceproxy.tlh
c:\ws\projects\dna\main\source\ripley\release\msxml4.tlh
c:\ws\projects\dna\main\source\ripley\release\ripleycore.pch
c:\ws\projects\dna\main\source\ripley\.\release\ripleyserver.dll
c:\ws\projects\dna\main\source\ripley\release\ripleyserver.tlog\cl.command.1.tlog
c:\ws\projects\dna\main\source\ripley\release\ripleyserver.tlog\cl.read.1.tlog
c:\ws\projects\dna\main\source\ripley\release\ripleyserver.tlog\cl.write.1.tlog
c:\ws\projects\dna\main\source\ripley\release\ripleyserver.tlog\link.command.1.tlog
c:\ws\projects\dna\main\source\ripley\release\ripleyserver.tlog\link.read.1.tlog
c:\ws\projects\dna\main\source\ripley\release\ripleyserver.tlog\link.write.1.tlog
c:\ws\projects\dna\main\source\ripley\release\ripleyserver.tlog\rc.command.1.tlog
c:\ws\projects\dna\main\source\ripley\release\ripleyserver.tlog\rc.read.1.tlog
c:\ws\projects\dna\main\source\ripley\release\ripleyserver.tlog\rc.write.1.tlog
c:\ws\projects\dna\main\source\ripley\release\ripleyserver.tlog\ripleyserver.write.1u.tlog
